<?xml version="1.0" encoding="UTF-8"?>
<!-- Generated by org.testng.reporters.JUnitReportReporter -->
<testsuite skipped="0" hostname="Алена-ПК" name="test1" tests="4" failures="0" timestamp="17 фев 2019 17:58:19 GMT" time="23.064" errors="0">
  <testcase name="CreateOrderForPet" time="0.925" classname="test1"/>
  <testcase name="CreateGetAndDeletePet" time="7.847" classname="test1"/>
  <testcase name="GetPetsByStatus" time="13.429" classname="test1"/>
  <testcase name="GetPetById" time="0.863" classname="test1"/>
</testsuite> <!-- test1 -->
