<?xml version="1.0" encoding="UTF-8"?>
<!-- Generated by org.testng.reporters.JUnitReportReporter -->
<testsuite skipped="0" hostname="Алена-ПК" name="LeasePlanAPITests" tests="4" failures="0" timestamp="17 фев 2019 18:13:08 GMT" time="21.613" errors="0">
  <testcase name="CreateOrderForPet" time="0.836" classname="LeasePlanAPITests"/>
  <testcase name="CreateGetAndDeletePet" time="7.478" classname="LeasePlanAPITests"/>
  <testcase name="GetPetsByStatus" time="12.561" classname="LeasePlanAPITests"/>
  <testcase name="GetPetById" time="0.738" classname="LeasePlanAPITests"/>
</testsuite> <!-- LeasePlanAPITests -->
